Flow report for s2vFish
Sat Nov 12 22:44:43 2022
Quartus Prime Version 18.1.0 Build 625 09/12/2018 SJ Lite Edition


---------------------
; Table of Contents ;
---------------------
  1. Legal Notice
  2. Flow Summary
  3. Flow Settings
  4. Flow Non-Default Global Settings
  5. Flow Elapsed Time
  6. Flow OS Summary
  7. Flow Log
  8. Flow Messages
  9. Flow Suppressed Messages



----------------
; Legal Notice ;
----------------
Copyright (C) 2018  Intel Corporation. All rights reserved.
Your use of Intel Corporation's design tools, logic functions 
and other software and tools, and its AMPP partner logic 
functions, and any output files from any of the foregoing 
(including device programming or simulation files), and any 
associated documentation or information are expressly subject 
to the terms and conditions of the Intel Program License 
Subscription Agreement, the Intel Quartus Prime License Agreement,
the Intel FPGA IP License Agreement, or other applicable license
agreement, including, without limitation, that your use is for
the sole purpose of programming logic devices manufactured by
Intel and sold by Intel or its authorized distributors.  Please
refer to the applicable agreement for further details.



+----------------------------------------------------------------------------------+
; Flow Summary                                                                     ;
+------------------------------------+---------------------------------------------+
; Flow Status                        ; Flow Failed - Sat Nov 12 22:44:43 2022      ;
; Quartus Prime Version              ; 18.1.0 Build 625 09/12/2018 SJ Lite Edition ;
; Revision Name                      ; s2vFish                                     ;
; Top-level Entity Name              ; datapath                                    ;
; Family                             ; MAX 10                                      ;
; Device                             ; 10M50DAF484C7G                              ;
; Timing Models                      ; Final                                       ;
; Total logic elements               ; 3,508 / 49,760 ( 7 % )                      ;
;     Total combinational functions  ; 3,380 / 49,760 ( 7 % )                      ;
;     Dedicated logic registers      ; 269 / 49,760 ( < 1 % )                      ;
; Total registers                    ; 269                                         ;
; Total pins                         ; 389 / 360 ( 108 % )                         ;
; Total virtual pins                 ; 0                                           ;
; Total memory bits                  ; 0 / 1,677,312 ( 0 % )                       ;
; Embedded Multiplier 9-bit elements ; 0 / 288 ( 0 % )                             ;
; Total PLLs                         ; 0 / 4 ( 0 % )                               ;
; UFM blocks                         ; 0 / 1 ( 0 % )                               ;
; ADC blocks                         ; 0 / 2 ( 0 % )                               ;
+------------------------------------+---------------------------------------------+


+-----------------------------------------+
; Flow Settings                           ;
+-------------------+---------------------+
; Option            ; Setting             ;
+-------------------+---------------------+
; Start date & time ; 11/12/2022 22:44:28 ;
; Main task         ; Compilation         ;
; Revision Name     ; s2vFish             ;
+-------------------+---------------------+


+------------------------------------------------------------------------------------------------------------------------------------+
; Flow Non-Default Global Settings                                                                                                   ;
+--------------------------------------+----------------------------------------+---------------+-------------------+----------------+
; Assignment Name                      ; Value                                  ; Default Value ; Entity Name       ; Section Id     ;
+--------------------------------------+----------------------------------------+---------------+-------------------+----------------+
; COMPILER_SIGNATURE_ID                ; 33550442547413.166831466860982         ; --            ; --                ; --             ;
; EDA_DESIGN_INSTANCE_NAME             ; NA                                     ; --            ; --                ; testbench      ;
; EDA_NATIVELINK_SIMULATION_TEST_BENCH ; testbench                              ; --            ; --                ; eda_simulation ;
; EDA_OUTPUT_DATA_FORMAT               ; Systemverilog Hdl                      ; --            ; --                ; eda_simulation ;
; EDA_SIMULATION_TOOL                  ; ModelSim-Altera (SystemVerilog)        ; <None>        ; --                ; --             ;
; EDA_TEST_BENCH_ENABLE_STATUS         ; TEST_BENCH_MODE                        ; --            ; --                ; eda_simulation ;
; EDA_TEST_BENCH_FILE                  ; testbench.sv                           ; --            ; --                ; testbench      ;
; EDA_TEST_BENCH_MODULE_NAME           ; testbench                              ; --            ; --                ; testbench      ;
; EDA_TEST_BENCH_NAME                  ; testbench                              ; --            ; --                ; eda_simulation ;
; EDA_TEST_BENCH_RUN_SIM_FOR           ; 4000 ns                                ; --            ; --                ; testbench      ;
; EDA_TIME_SCALE                       ; 1 ps                                   ; --            ; --                ; eda_simulation ;
; MAX_CORE_JUNCTION_TEMP               ; 85                                     ; --            ; --                ; --             ;
; MIN_CORE_JUNCTION_TEMP               ; 0                                      ; --            ; --                ; --             ;
; PARTITION_COLOR                      ; -- (Not supported for targeted family) ; --            ; DE10_LITE_Default ; Top            ;
; PARTITION_COLOR                      ; -- (Not supported for targeted family) ; --            ; datapath          ; Top            ;
; PARTITION_FITTER_PRESERVATION_LEVEL  ; -- (Not supported for targeted family) ; --            ; DE10_LITE_Default ; Top            ;
; PARTITION_FITTER_PRESERVATION_LEVEL  ; -- (Not supported for targeted family) ; --            ; datapath          ; Top            ;
; PARTITION_NETLIST_TYPE               ; -- (Not supported for targeted family) ; --            ; DE10_LITE_Default ; Top            ;
; PARTITION_NETLIST_TYPE               ; -- (Not supported for targeted family) ; --            ; datapath          ; Top            ;
; POWER_BOARD_THERMAL_MODEL            ; None (CONSERVATIVE)                    ; --            ; --                ; --             ;
; POWER_PRESET_COOLING_SOLUTION        ; 23 MM HEAT SINK WITH 200 LFPM AIRFLOW  ; --            ; --                ; --             ;
; PROJECT_OUTPUT_DIRECTORY             ; output_files                           ; --            ; --                ; --             ;
; TOP_LEVEL_ENTITY                     ; datapath                               ; s2vFish       ; --                ; --             ;
+--------------------------------------+----------------------------------------+---------------+-------------------+----------------+


+--------------------------------------------------------------------------------------------------------------------------+
; Flow Elapsed Time                                                                                                        ;
+----------------------+--------------+-------------------------+---------------------+------------------------------------+
; Module Name          ; Elapsed Time ; Average Processors Used ; Peak Virtual Memory ; Total CPU Time (on all processors) ;
+----------------------+--------------+-------------------------+---------------------+------------------------------------+
; Analysis & Synthesis ; 00:00:10     ; 1.0                     ; 1030 MB             ; 00:00:21                           ;
; Fitter               ; 00:00:04     ; 1.0                     ; 1404 MB             ; 00:00:04                           ;
; Total                ; 00:00:14     ; --                      ; --                  ; 00:00:25                           ;
+----------------------+--------------+-------------------------+---------------------+------------------------------------+


+------------------------------------------------------------------------------------+
; Flow OS Summary                                                                    ;
+----------------------+------------------+------------+------------+----------------+
; Module Name          ; Machine Hostname ; OS Name    ; OS Version ; Processor type ;
+----------------------+------------------+------------+------------+----------------+
; Analysis & Synthesis ; archdesktop      ; Arch Linux ; Arch Linux ; x86_64         ;
; Fitter               ; archdesktop      ; Arch Linux ; Arch Linux ; x86_64         ;
+----------------------+------------------+------------+------------+----------------+


------------
; Flow Log ;
------------
quartus_map --read_settings_files=on --write_settings_files=off s2vFish -c s2vFish
quartus_fit --read_settings_files=off --write_settings_files=off s2vFish -c s2vFish



